# JRE version: Java(TM) SE Runtime Environment (17.0.12+8) (build 17.0.12+8-LTS-286)
# Java VM: Java HotSpot(TM) 64-Bit Server VM (17.0.12+8-LTS-286, mixed mode, sharing, tiered, compressed oops, compressed class ptrs, g1 gc, windows-amd64)
GC Precious Log:
 CPUs: 16 total, 16 available
 Memory: 15610M
 Large Page Support: Disabled
 NUMA Support: Disabled
 Compressed Oops: Enabled (Zero based)
 Heap Region Size: 2M
 Heap Min Capacity: 8M
 Heap Initial Capacity: 244M
 Heap Max Capacity: 3904M
 Pre-touch: Disabled
 Parallel Workers: 13
 Concurrent Workers: 3
 Concurrent Refinement Workers: 13
 Periodic GC: Disabled
Heap:
 garbage-first heap   total 249856K, used 100944K [0x000000070c000000, 0x0000000800000000)
  region size 2048K, 1 young (2048K), 1 survivors (2048K)
 Metaspace       used 37411K, committed 37888K, reserved 1114112K
  class space    used 4189K, committed 4416K, reserved 1048576K
GC Heap History (20 events):
Event: 14.163 GC heap after
{Heap after GC invocations=18 (full 0):
 garbage-first heap   total 169984K, used 99328K [0x000000070c000000, 0x0000000800000000)
  region size 2048K, 4 young (8192K), 4 survivors (8192K)
 Metaspace       used 35035K, committed 35520K, reserved 1114112K
  class space    used 3956K, committed 4224K, reserved 1048576K
}
Event: 14.537 GC heap before
{Heap before GC invocations=18 (full 0):
 garbage-first heap   total 169984K, used 128000K [0x000000070c000000, 0x0000000800000000)
  region size 2048K, 18 young (36864K), 4 survivors (8192K)
 Metaspace       used 35428K, committed 35904K, reserved 1114112K
  class space    used 3977K, committed 4224K, reserved 1048576K
}
Event: 14.547 GC heap after
{Heap after GC invocations=19 (full 0):
 garbage-first heap   total 169984K, used 104925K [0x000000070c000000, 0x0000000800000000)
  region size 2048K, 3 young (6144K), 3 survivors (6144K)
 Metaspace       used 35428K, committed 35904K, reserved 1114112K
  class space    used 3977K, committed 4224K, reserved 1048576K
}
Event: 15.372 GC heap before
{Heap before GC invocations=20 (full 0):
 garbage-first heap   total 174080K, used 125405K [0x000000070c000000, 0x0000000800000000)
  region size 2048K, 16 young (32768K), 3 survivors (6144K)
 Metaspace       used 36565K, committed 36928K, reserved 1114112K
  class space    used 4116K, committed 4288K, reserved 1048576K
}
Event: 15.376 GC heap after
{Heap after GC invocations=21 (full 0):
 garbage-first heap   total 174080K, used 101936K [0x000000070c000000, 0x0000000800000000)
  region size 2048K, 1 young (2048K), 1 survivors (2048K)
 Metaspace       used 36565K, committed 36928K, reserved 1114112K
  class space    used 4116K, committed 4288K, reserved 1048576K
}
Event: 15.411 GC heap before
{Heap before GC invocations=21 (full 0):
 garbage-first heap   total 174080K, used 108080K [0x000000070c000000, 0x0000000800000000)
  region size 2048K, 4 young (8192K), 1 survivors (2048K)
 Metaspace       used 36613K, committed 36992K, reserved 1114112K
  class space    used 4116K, committed 4288K, reserved 1048576K
}
Event: 15.412 GC heap after
{Heap after GC invocations=22 (full 0):
 garbage-first heap   total 174080K, used 98007K [0x000000070c000000, 0x0000000800000000)
  region size 2048K, 1 young (2048K), 1 survivors (2048K)
 Metaspace       used 36613K, committed 36992K, reserved 1114112K
  class space    used 4116K, committed 4288K, reserved 1048576K
}
Event: 15.639 GC heap before
{Heap before GC invocations=22 (full 0):
 garbage-first heap   total 174080K, used 132823K [0x000000070c000000, 0x0000000800000000)
  region size 2048K, 18 young (36864K), 1 survivors (2048K)
 Metaspace       used 36987K, committed 37440K, reserved 1114112K
  class space    used 4163K, committed 4352K, reserved 1048576K
}
Event: 15.641 GC heap after
{Heap after GC invocations=23 (full 0):
 garbage-first heap   total 208896K, used 98443K [0x000000070c000000, 0x0000000800000000)
  region size 2048K, 1 young (2048K), 1 survivors (2048K)
 Metaspace       used 36987K, committed 37440K, reserved 1114112K
  class space    used 4163K, committed 4352K, reserved 1048576K
}
Event: 15.903 GC heap before
{Heap before GC invocations=24 (full 0):
 garbage-first heap   total 208896K, used 159883K [0x000000070c000000, 0x0000000800000000)
  region size 2048K, 31 young (63488K), 1 survivors (2048K)
 Metaspace       used 37215K, committed 37696K, reserved 1114112K
  class space    used 4183K, committed 4416K, reserved 1048576K
}
Event: 15.906 GC heap after
{Heap after GC invocations=25 (full 0):
 garbage-first heap   total 208896K, used 99471K [0x000000070c000000, 0x0000000800000000)
  region size 2048K, 1 young (2048K), 1 survivors (2048K)
 Metaspace       used 37215K, committed 37696K, reserved 1114112K
  class space    used 4183K, committed 4416K, reserved 1048576K
}
Event: 15.919 GC heap before
{Heap before GC invocations=25 (full 0):
 garbage-first heap   total 208896K, used 107663K [0x000000070c000000, 0x0000000800000000)
  region size 2048K, 5 young (10240K), 1 survivors (2048K)
 Metaspace       used 37221K, committed 37696K, reserved 1114112K
  class space    used 4183K, committed 4416K, reserved 1048576K
}
Event: 15.922 GC heap after
{Heap after GC invocations=26 (full 0):
 garbage-first heap   total 208896K, used 98221K [0x000000070c000000, 0x0000000800000000)
  region size 2048K, 1 young (2048K), 1 survivors (2048K)
 Metaspace       used 37221K, committed 37696K, reserved 1114112K
  class space    used 4183K, committed 4416K, reserved 1048576K
}
Event: 16.045 GC heap before
{Heap before GC invocations=26 (full 0):
 garbage-first heap   total 208896K, used 161709K [0x000000070c000000, 0x0000000800000000)
  region size 2048K, 32 young (65536K), 1 survivors (2048K)
 Metaspace       used 37277K, committed 37760K, reserved 1114112K
  class space    used 4186K, committed 4416K, reserved 1048576K
}
Event: 16.048 GC heap after
{Heap after GC invocations=27 (full 0):
 garbage-first heap   total 208896K, used 99608K [0x000000070c000000, 0x0000000800000000)
  region size 2048K, 1 young (2048K), 1 survivors (2048K)
 Metaspace       used 37277K, committed 37760K, reserved 1114112K
  class space    used 4186K, committed 4416K, reserved 1048576K
}
Event: 16.269 GC heap before
{Heap before GC invocations=28 (full 0):
 garbage-first heap   total 208896K, used 167192K [0x000000070c000000, 0x0000000800000000)
  region size 2048K, 34 young (69632K), 1 survivors (2048K)
 Metaspace       used 37307K, committed 37760K, reserved 1114112K
  class space    used 4187K, committed 4416K, reserved 1048576K
}
Event: 16.274 GC heap after
{Heap after GC invocations=29 (full 0):
 garbage-first heap   total 208896K, used 101314K [0x000000070c000000, 0x0000000800000000)
  region size 2048K, 2 young (4096K), 2 survivors (4096K)
 Metaspace       used 37307K, committed 37760K, reserved 1114112K
  class space    used 4187K, committed 4416K, reserved 1048576K
}
Event: 16.288 GC heap before
{Heap before GC invocations=29 (full 0):
 garbage-first heap   total 208896K, used 107458K [0x000000070c000000, 0x0000000800000000)
  region size 2048K, 5 young (10240K), 2 survivors (4096K)
 Metaspace       used 37315K, committed 37760K, reserved 1114112K
  class space    used 4188K, committed 4416K, reserved 1048576K
}
Event: 16.292 GC heap after
{Heap after GC invocations=30 (full 0):
 garbage-first heap   total 208896K, used 100067K [0x000000070c000000, 0x0000000800000000)
  region size 2048K, 1 young (2048K), 1 survivors (2048K)
 Metaspace       used 37315K, committed 37760K, reserved 1114112K
  class space    used 4188K, committed 4416K, reserved 1048576K
}
Event: 16.572 GC heap before
{Heap before GC invocations=30 (full 0):
 garbage-first heap   total 208896K, used 167651K [0x000000070c000000, 0x0000000800000000)
  region size 2048K, 34 young (69632K), 1 survivors (2048K)
 Metaspace       used 37411K, committed 37888K, reserved 1114112K
  class space    used 4189K, committed 4416K, reserved 1048576K
}

